<html>
<head>
<title>TestNG:  Default test</title>
<link href="../testng.css" rel="stylesheet" type="text/css" />
<link href="../my-testng.css" rel="stylesheet" type="text/css" />

<style type="text/css">
.log { display: none;} 
.stack-trace { display: none;} 
</style>
<script type="text/javascript">
<!--
function flip(e) {
  current = e.style.display;
  if (current == 'block') {
    e.style.display = 'none';
    return 0;
  }
  else {
    e.style.display = 'block';
    return 1;
  }
}

function toggleBox(szDivId, elem, msg1, msg2)
{
  var res = -1;  if (document.getElementById) {
    res = flip(document.getElementById(szDivId));
  }
  else if (document.all) {
    // this is the way old msie versions work
    res = flip(document.all[szDivId]);
  }
  if(elem) {
    if(res == 0) elem.innerHTML = msg1; else elem.innerHTML = msg2;
  }

}

function toggleAllBoxes() {
  if (document.getElementsByTagName) {
    d = document.getElementsByTagName('div');
    for (i = 0; i < d.length; i++) {
      if (d[i].className == 'log') {
        flip(d[i]);
      }
    }
  }
}

// -->
</script>

</head>
<body>
<h2 align='center'>Default test</h2><table border='1' align="center">
<tr>
<td>Tests passed/Failed/Skipped:</td><td>7/1/0</td>
</tr><tr>
<td>Started on:</td><td>Tue May 23 21:07:19 EDT 2023</td>
</tr>
<tr><td>Total time:</td><td>13 seconds (13521 ms)</td>
</tr><tr>
<td>Included groups:</td><td></td>
</tr><tr>
<td>Excluded groups:</td><td></td>
</tr>
</table><p/>
<small><i>(Hover the method name to see the test class name)</i></small><p/>
<table width='100%' border='1' class='invocation-failed'>
<tr><td colspan='4' align='center'><b>FAILED TESTS</b></td></tr>
<tr><td><b>Test method</b></td>
<td width="30%"><b>Exception</b></td>
<td width="10%"><b>Time (seconds)</b></td>
<td><b>Instance</b></td>
</tr>
<tr>
<td title='Testrunners.TestNgTestRunner.runScenario()'><b>runScenario</b><br>Test class: Testrunners.TestNgTestRunner<br>Test method: Runs Cucumber Scenarios<br>Parameters: "User on login page and login with inavalid and validinputs from Excel"Sheet1" and1", "User enter valid and invalid credentials for login"</td>
<td><div><pre>org.openqa.selenium.ElementClickInterceptedException: element click intercepted: Element &lt;input type=&quot;submit&quot; value=&quot;Login&quot;&gt; is not clickable at point (959, 126). Other element would receive the click: &lt;iframe scrolling=&quot;no&quot; frameborder=&quot;0&quot; style=&quot;border: 0px; height: 50px; width: 48px; left: 927px; top: 102px; z-index: 2147483647; position: absolute;&quot; src=&quot;https://gc.kis.v2.scr.kaspersky-labs.com/E3E8934C-235A-4B0E-825A-35A08381A191/kpm/kpm_promo_balloon.html?cssSrc=https%3A%2F%2Fgc.kis.v2.scr.kaspersky-labs.com%2FE3E8934C-235A-4B0E-825A-35A08381A191%2Fkpm%2Ftooltip.css&quot;&gt;&lt;/iframe&gt;
  (Session info: chrome=113.0.5672.126)
Build info: version: &apos;4.8.3&apos;, revision: &apos;e5e76298c3&apos;
System info: os.name: &apos;Windows 11&apos;, os.arch: &apos;amd64&apos;, os.version: &apos;10.0&apos;, java.version: &apos;20.0.1&apos;
Driver info: org.openqa.selenium.chrome.ChromeDriver
Command: [8e382b5bfb9e7327ea2f51c2c54c26c5, clickElement {id=183CBB8E440AD77066296809B490BF8D_element_19}]
Capabilities {acceptInsecureCerts: false, browserName: chrome, browserVersion: 113.0.5672.126, chrome: {chromedriverVersion: 113.0.5672.63 (0e1a4471d5ae..., userDataDir: C:\Users\kiran\AppData\Loca...}, goog:chromeOptions: {debuggerAddress: localhost:56525}, networkConnectionEnabled: false, pageLoadStrategy: normal, platformName: WINDOWS, proxy: Proxy(), se:cdp: ws://localhost:56525/devtoo..., se:cdpVersion: 113.0.5672.126, setWindowRect: true, strictFileInteractability: false, timeouts: {implicit: 0, pageLoad: 300000, script: 30000}, unhandledPromptBehavior: dismiss and notify, webauthn:extension:credBlob: true, webauthn:extension:largeBlob: true, webauthn:extension:minPinLength: true, webauthn:extension:prf: true, webauthn:virtualAuthenticators: true}
Element: [[ChromeDriver: chrome on WINDOWS (8e382b5bfb9e7327ea2f51c2c54c26c5)] -&gt; xpath: //input[@value=&apos;Login&apos;]]
Session ID: 8e382b5bfb9e7327ea2f51c2c54c26c5
	at java.base/jdk.internal.reflect.DirectConstructorHandleAccessor.newInstance(DirectConstructorHandleAccessor.java:67)
	at java.base/java.lang.reflect.Constructor.newInstanceWithCaller(Constructor.java:500)
	at java.base/java.lang.reflect.Constructor.newInstance(Constructor.java:484)
	at org.openqa.selenium.remote.codec.w3c.W3CHttpResponseCodec.createException(W3CHttpResponseCodec.java:200)
	at org.openqa.selenium.remote.codec.w3c.W3CHttpResponseCodec.decode(W3CHttpResponseCodec.java:133)
	at org.openqa.selenium.remote.codec.w3c.W3CHttpResponseCodec.decode(W3CHttpResponseCodec.java:53)
	at org.openqa.selenium.remote.HttpCommandExecutor.execute(HttpCommandExecutor.java:193)
	at org.openqa.selenium.remote.service.DriverCommandExecutor.invokeExecute(DriverCommandExecutor.java:183)
	at org.openqa.selenium.remote.service.DriverCommandExecutor.execute(DriverCommandExecutor.java:158)
	at org.openqa.selenium.remote.RemoteWebDriver.execute(RemoteWebDriver.java:543)
	at org.openqa.selenium.remote.RemoteWebElement.execute(RemoteWebElement.java:257)
	at org.openqa.selenium.remote.RemoteWebElement.click(RemoteWebElement.java:78)
	at java.base/jdk.internal.reflect.DirectMethodHandleAccessor.invoke(DirectMethodHandleAccessor.java:104)
	at java.base/java.lang.reflect.Method.invoke(Method.java:578)
	at org.openqa.selenium.support.pagefactory.internal.LocatingElementHandler.invoke(LocatingElementHandler.java:52)
	at jdk.proxy2/jdk.proxy2.$Proxy43.click(Unknown Source)
	at PageObjects.Loginpage.loginbtnclk(Loginpage.java:47)
	at stepdefinitions.Loginsteps.click_login_button(Loginsteps.java:57)
	at ✽.click login button(file:///C:/Users/kiran/eclipse-workspace/ds_AlgoProject/src/test/resources/Features/4Loginpage.feature:7)
</pre></div><a href='#' onClick='toggleBox("stack-trace625088521", this, "Click to show all stack frames", "Click to hide stack frames")'>Click to show all stack frames</a>
<div class='stack-trace' id='stack-trace625088521'><pre>org.openqa.selenium.ElementClickInterceptedException: element click intercepted: Element &lt;input type=&quot;submit&quot; value=&quot;Login&quot;&gt; is not clickable at point (959, 126). Other element would receive the click: &lt;iframe scrolling=&quot;no&quot; frameborder=&quot;0&quot; style=&quot;border: 0px; height: 50px; width: 48px; left: 927px; top: 102px; z-index: 2147483647; position: absolute;&quot; src=&quot;https://gc.kis.v2.scr.kaspersky-labs.com/E3E8934C-235A-4B0E-825A-35A08381A191/kpm/kpm_promo_balloon.html?cssSrc=https%3A%2F%2Fgc.kis.v2.scr.kaspersky-labs.com%2FE3E8934C-235A-4B0E-825A-35A08381A191%2Fkpm%2Ftooltip.css&quot;&gt;&lt;/iframe&gt;
  (Session info: chrome=113.0.5672.126)
Build info: version: &apos;4.8.3&apos;, revision: &apos;e5e76298c3&apos;
System info: os.name: &apos;Windows 11&apos;, os.arch: &apos;amd64&apos;, os.version: &apos;10.0&apos;, java.version: &apos;20.0.1&apos;
Driver info: org.openqa.selenium.chrome.ChromeDriver
Command: [8e382b5bfb9e7327ea2f51c2c54c26c5, clickElement {id=183CBB8E440AD77066296809B490BF8D_element_19}]
Capabilities {acceptInsecureCerts: false, browserName: chrome, browserVersion: 113.0.5672.126, chrome: {chromedriverVersion: 113.0.5672.63 (0e1a4471d5ae..., userDataDir: C:\Users\kiran\AppData\Loca...}, goog:chromeOptions: {debuggerAddress: localhost:56525}, networkConnectionEnabled: false, pageLoadStrategy: normal, platformName: WINDOWS, proxy: Proxy(), se:cdp: ws://localhost:56525/devtoo..., se:cdpVersion: 113.0.5672.126, setWindowRect: true, strictFileInteractability: false, timeouts: {implicit: 0, pageLoad: 300000, script: 30000}, unhandledPromptBehavior: dismiss and notify, webauthn:extension:credBlob: true, webauthn:extension:largeBlob: true, webauthn:extension:minPinLength: true, webauthn:extension:prf: true, webauthn:virtualAuthenticators: true}
Element: [[ChromeDriver: chrome on WINDOWS (8e382b5bfb9e7327ea2f51c2c54c26c5)] -&gt; xpath: //input[@value=&apos;Login&apos;]]
Session ID: 8e382b5bfb9e7327ea2f51c2c54c26c5
	at java.base/jdk.internal.reflect.DirectConstructorHandleAccessor.newInstance(DirectConstructorHandleAccessor.java:67)
	at java.base/java.lang.reflect.Constructor.newInstanceWithCaller(Constructor.java:500)
	at java.base/java.lang.reflect.Constructor.newInstance(Constructor.java:484)
	at org.openqa.selenium.remote.codec.w3c.W3CHttpResponseCodec.createException(W3CHttpResponseCodec.java:200)
	at org.openqa.selenium.remote.codec.w3c.W3CHttpResponseCodec.decode(W3CHttpResponseCodec.java:133)
	at org.openqa.selenium.remote.codec.w3c.W3CHttpResponseCodec.decode(W3CHttpResponseCodec.java:53)
	at org.openqa.selenium.remote.HttpCommandExecutor.execute(HttpCommandExecutor.java:193)
	at org.openqa.selenium.remote.service.DriverCommandExecutor.invokeExecute(DriverCommandExecutor.java:183)
	at org.openqa.selenium.remote.service.DriverCommandExecutor.execute(DriverCommandExecutor.java:158)
	at org.openqa.selenium.remote.RemoteWebDriver.execute(RemoteWebDriver.java:543)
	at org.openqa.selenium.remote.RemoteWebElement.execute(RemoteWebElement.java:257)
	at org.openqa.selenium.remote.RemoteWebElement.click(RemoteWebElement.java:78)
	at java.base/jdk.internal.reflect.DirectMethodHandleAccessor.invoke(DirectMethodHandleAccessor.java:104)
	at java.base/java.lang.reflect.Method.invoke(Method.java:578)
	at org.openqa.selenium.support.pagefactory.internal.LocatingElementHandler.invoke(LocatingElementHandler.java:52)
	at jdk.proxy2/jdk.proxy2.$Proxy43.click(Unknown Source)
	at PageObjects.Loginpage.loginbtnclk(Loginpage.java:47)
	at stepdefinitions.Loginsteps.click_login_button(Loginsteps.java:57)
	at ✽.click login button(file:///C:/Users/kiran/eclipse-workspace/ds_AlgoProject/src/test/resources/Features/4Loginpage.feature:7)
</pre></div></td>
<td>1</td>
<td>Testrunners.TestNgTestRunner@69504ae9</td></tr>
</table><p>
<table width='100%' border='1' class='invocation-passed'>
<tr><td colspan='4' align='center'><b>PASSED TESTS</b></td></tr>
<tr><td><b>Test method</b></td>
<td width="30%"><b>Exception</b></td>
<td width="10%"><b>Time (seconds)</b></td>
<td><b>Instance</b></td>
</tr>
<tr>
<td title='Testrunners.TestNgTestRunner.runScenario()'><b>runScenario</b><br>Test class: Testrunners.TestNgTestRunner<br>Test method: Runs Cucumber Scenarios<br>Parameters: "User on login page and login with inavalid and validinputs from Excel"Sheet1" and2", "User enter valid and invalid credentials for login"</td>
<td></td>
<td>0</td>
<td>Testrunners.TestNgTestRunner@69504ae9</td></tr>
<tr>
<td title='Testrunners.TestNgTestRunner.runScenario()'><b>runScenario</b><br>Test class: Testrunners.TestNgTestRunner<br>Test method: Runs Cucumber Scenarios<br>Parameters: "User is able to navigate to practice questions", "Evaluate Data stuructures Introduction"</td>
<td></td>
<td>0</td>
<td>Testrunners.TestNgTestRunner@69504ae9</td></tr>
<tr>
<td title='Testrunners.TestNgTestRunner.runScenario()'><b>runScenario</b><br>Test class: Testrunners.TestNgTestRunner<br>Test method: Runs Cucumber Scenarios<br>Parameters: "Launch url and navigate to home page", "feature to test ds algo portal link"</td>
<td></td>
<td>4</td>
<td>Testrunners.TestNgTestRunner@69504ae9</td></tr>
<tr>
<td title='Testrunners.TestNgTestRunner.runScenario()'><b>runScenario</b><br>Test class: Testrunners.TestNgTestRunner<br>Test method: Runs Cucumber Scenarios<br>Parameters: "User on login page and login with inavalid and validinputs from Excel"Sheet1" and3", "User enter valid and invalid credentials for login"</td>
<td></td>
<td>0</td>
<td>Testrunners.TestNgTestRunner@69504ae9</td></tr>
<tr>
<td title='Testrunners.TestNgTestRunner.runScenario()'><b>runScenario</b><br>Test class: Testrunners.TestNgTestRunner<br>Test method: Runs Cucumber Scenarios<br>Parameters: "User is able to navigate Data Structures Introduction", "Evaluate Data stuructures Introduction"</td>
<td></td>
<td>2</td>
<td>Testrunners.TestNgTestRunner@69504ae9</td></tr>
<tr>
<td title='Testrunners.TestNgTestRunner.runScenario()'><b>runScenario</b><br>Test class: Testrunners.TestNgTestRunner<br>Test method: Runs Cucumber Scenarios<br>Parameters: "User is able to navigate to tryeditor page and run invalid python code", "Evaluate Data stuructures Introduction"</td>
<td></td>
<td>0</td>
<td>Testrunners.TestNgTestRunner@69504ae9</td></tr>
<tr>
<td title='Testrunners.TestNgTestRunner.runScenario()'><b>runScenario</b><br>Test class: Testrunners.TestNgTestRunner<br>Test method: Runs Cucumber Scenarios<br>Parameters: "User on login page and login with inavalid and validinputs from Excel"Sheet1" and0", "User enter valid and invalid credentials for login"</td>
<td></td>
<td>1</td>
<td>Testrunners.TestNgTestRunner@69504ae9</td></tr>
</table><p>
</body>
</html>