<?xml version="1.0" encoding="UTF-8"?>
<!-- Generated by org.testng.reporters.JUnitReportReporter -->
<testsuite hostname="LAPTOP-TINQNFE1" failures="0" tests="8" name="Testrunners.TestNgTestRunner" time="12.492" errors="1" timestamp="2023-05-23T21:07:32 EDT" skipped="0">
  <testcase classname="Testrunners.TestNgTestRunner" name="runScenario" time="0.707"/>
  <system-out/>
  <testcase classname="Testrunners.TestNgTestRunner" name="runScenario" time="0.261"/>
  <system-out/>
  <testcase classname="Testrunners.TestNgTestRunner" name="runScenario" time="4.857"/>
  <system-out/>
  <testcase classname="Testrunners.TestNgTestRunner" name="runScenario" time="0.804"/>
  <system-out/>
  <testcase classname="Testrunners.TestNgTestRunner" name="runScenario" time="2.348"/>
  <system-out/>
  <testcase classname="Testrunners.TestNgTestRunner" name="runScenario" time="0.591"/>
  <system-out/>
  <testcase classname="Testrunners.TestNgTestRunner" name="runScenario" time="1.607">
    <error message="element click intercepted: Element &lt;input type=&quot;submit&quot; value=&quot;Login&quot;&gt; is not clickable at point (959, 126). Other element would receive the click: &lt;iframe scrolling=&quot;no&quot; frameborder=&quot;0&quot; style=&quot;border: 0px; height: 50px; width: 48px; left: 927px; top: 102px; z-index: 2147483647; position: absolute;&quot; src=&quot;https://gc.kis.v2.scr.kaspersky-labs.com/E3E8934C-235A-4B0E-825A-35A08381A191/kpm/kpm_promo_balloon.html?cssSrc=https%3A%2F%2Fgc.kis.v2.scr.kaspersky-labs.com%2FE3E8934C-235A-4B0E-825A-35A08381A191%2Fkpm%2Ftooltip.css&quot;&gt;&lt;/iframe&gt;
  (Session info: chrome=113.0.5672.126)
Build info: version: &#039;4.8.3&#039;, revision: &#039;e5e76298c3&#039;
System info: os.name: &#039;Windows 11&#039;, os.arch: &#039;amd64&#039;, os.version: &#039;10.0&#039;, java.version: &#039;20.0.1&#039;
Driver info: org.openqa.selenium.chrome.ChromeDriver
Command: [8e382b5bfb9e7327ea2f51c2c54c26c5, clickElement {id=183CBB8E440AD77066296809B490BF8D_element_19}]
Capabilities {acceptInsecureCerts: false, browserName: chrome, browserVersion: 113.0.5672.126, chrome: {chromedriverVersion: 113.0.5672.63 (0e1a4471d5ae..., userDataDir: C:\Users\kiran\AppData\Loca...}, goog:chromeOptions: {debuggerAddress: localhost:56525}, networkConnectionEnabled: false, pageLoadStrategy: normal, platformName: WINDOWS, proxy: Proxy(), se:cdp: ws://localhost:56525/devtoo..., se:cdpVersion: 113.0.5672.126, setWindowRect: true, strictFileInteractability: false, timeouts: {implicit: 0, pageLoad: 300000, script: 30000}, unhandledPromptBehavior: dismiss and notify, webauthn:extension:credBlob: true, webauthn:extension:largeBlob: true, webauthn:extension:minPinLength: true, webauthn:extension:prf: true, webauthn:virtualAuthenticators: true}
Element: [[ChromeDriver: chrome on WINDOWS (8e382b5bfb9e7327ea2f51c2c54c26c5)] -&gt; xpath: //input[@value=&#039;Login&#039;]]
Session ID: 8e382b5bfb9e7327ea2f51c2c54c26c5" type="org.openqa.selenium.ElementClickInterceptedException">
      <![CDATA[org.openqa.selenium.ElementClickInterceptedException: element click intercepted: Element <input type="submit" value="Login"> is not clickable at point (959, 126). Other element would receive the click: <iframe scrolling="no" frameborder="0" style="border: 0px; height: 50px; width: 48px; left: 927px; top: 102px; z-index: 2147483647; position: absolute;" src="https://gc.kis.v2.scr.kaspersky-labs.com/E3E8934C-235A-4B0E-825A-35A08381A191/kpm/kpm_promo_balloon.html?cssSrc=https%3A%2F%2Fgc.kis.v2.scr.kaspersky-labs.com%2FE3E8934C-235A-4B0E-825A-35A08381A191%2Fkpm%2Ftooltip.css"></iframe>
  (Session info: chrome=113.0.5672.126)
Build info: version: '4.8.3', revision: 'e5e76298c3'
System info: os.name: 'Windows 11', os.arch: 'amd64', os.version: '10.0', java.version: '20.0.1'
Driver info: org.openqa.selenium.chrome.ChromeDriver
Command: [8e382b5bfb9e7327ea2f51c2c54c26c5, clickElement {id=183CBB8E440AD77066296809B490BF8D_element_19}]
Capabilities {acceptInsecureCerts: false, browserName: chrome, browserVersion: 113.0.5672.126, chrome: {chromedriverVersion: 113.0.5672.63 (0e1a4471d5ae..., userDataDir: C:\Users\kiran\AppData\Loca...}, goog:chromeOptions: {debuggerAddress: localhost:56525}, networkConnectionEnabled: false, pageLoadStrategy: normal, platformName: WINDOWS, proxy: Proxy(), se:cdp: ws://localhost:56525/devtoo..., se:cdpVersion: 113.0.5672.126, setWindowRect: true, strictFileInteractability: false, timeouts: {implicit: 0, pageLoad: 300000, script: 30000}, unhandledPromptBehavior: dismiss and notify, webauthn:extension:credBlob: true, webauthn:extension:largeBlob: true, webauthn:extension:minPinLength: true, webauthn:extension:prf: true, webauthn:virtualAuthenticators: true}
Element: [[ChromeDriver: chrome on WINDOWS (8e382b5bfb9e7327ea2f51c2c54c26c5)] -> xpath: //input[@value='Login']]
Session ID: 8e382b5bfb9e7327ea2f51c2c54c26c5
at java.base/jdk.internal.reflect.DirectConstructorHandleAccessor.newInstance(DirectConstructorHandleAccessor.java:67)
at java.base/java.lang.reflect.Constructor.newInstanceWithCaller(Constructor.java:500)
at java.base/java.lang.reflect.Constructor.newInstance(Constructor.java:484)
at org.openqa.selenium.remote.codec.w3c.W3CHttpResponseCodec.createException(W3CHttpResponseCodec.java:200)
at org.openqa.selenium.remote.codec.w3c.W3CHttpResponseCodec.decode(W3CHttpResponseCodec.java:133)
at org.openqa.selenium.remote.codec.w3c.W3CHttpResponseCodec.decode(W3CHttpResponseCodec.java:53)
at org.openqa.selenium.remote.HttpCommandExecutor.execute(HttpCommandExecutor.java:193)
at org.openqa.selenium.remote.service.DriverCommandExecutor.invokeExecute(DriverCommandExecutor.java:183)
at org.openqa.selenium.remote.service.DriverCommandExecutor.execute(DriverCommandExecutor.java:158)
at org.openqa.selenium.remote.RemoteWebDriver.execute(RemoteWebDriver.java:543)
at org.openqa.selenium.remote.RemoteWebElement.execute(RemoteWebElement.java:257)
at org.openqa.selenium.remote.RemoteWebElement.click(RemoteWebElement.java:78)
at java.base/jdk.internal.reflect.DirectMethodHandleAccessor.invoke(DirectMethodHandleAccessor.java:104)
at java.base/java.lang.reflect.Method.invoke(Method.java:578)
at org.openqa.selenium.support.pagefactory.internal.LocatingElementHandler.invoke(LocatingElementHandler.java:52)
at jdk.proxy2/jdk.proxy2.$Proxy43.click(Unknown Source)
at PageObjects.Loginpage.loginbtnclk(Loginpage.java:47)
at stepdefinitions.Loginsteps.click_login_button(Loginsteps.java:57)
at âœ½.click login button(file:///C:/Users/kiran/eclipse-workspace/ds_AlgoProject/src/test/resources/Features/4Loginpage.feature:7)
]]>
    </error>
  </testcase> <!-- runScenario -->
  <system-out/>
  <testcase classname="Testrunners.TestNgTestRunner" name="runScenario" time="1.317"/>
  <system-out/>
</testsuite> <!-- Testrunners.TestNgTestRunner -->
